<?xml version="1.0" encoding="UTF-8"?>
<robot generator="Robot 6.1.1 (Python 3.11.4 on win32)" generated="20231116 15:52:40.476" rpa="false" schemaversion="4">
<suite id="s1" name="Tests" source="C:\Users\Rafael\Documents\Projetos\QAX_ROBOT_MOBILE\projects\yodapp-robot\tests">
<suite id="s1-s1" name="Checkbox" source="C:\Users\Rafael\Documents\Projetos\QAX_ROBOT_MOBILE\projects\yodapp-robot\tests\checkbox.robot">
<kw name="Run Keywords" library="BuiltIn" type="SETUP">
<arg>Start Session</arg>
<arg>AND</arg>
<arg>Get Started</arg>
<arg>AND</arg>
<arg>Navigate to Check e Radio</arg>
<doc>Executes all the given keywords in a sequence.</doc>
<kw name="Start Session" library="base">
<kw name="Open Application" library="AppiumLibrary">
<arg>http://localhost:4723</arg>
<arg>platformName=Android</arg>
<arg>deviceName=Android Emulato</arg>
<arg>automationName=UIAutomator2</arg>
<arg>app=${EXECDIR}/app/yodapp-beta.apk</arg>
<arg>udid=emulator-5554</arg>
<arg>autoGrantPermissions=true</arg>
<doc>Opens a new application to given Appium server.
Capabilities of appium server, Android and iOS,
Please check https://github.com/appium/appium/blob/master/docs/en/writing-running-appium/server-args.md
| *Option*            | *Man.* | *Description*     |
| remote_url          | Yes    | Appium server url |
| alias               | no     | alias             |
| strict_ssl          | No     | allows you to send commands to an invalid certificate host like a self-signed one. |</doc>
<status status="PASS" starttime="20231116 15:52:40.701" endtime="20231116 15:52:49.485"/>
</kw>
<status status="PASS" starttime="20231116 15:52:40.701" endtime="20231116 15:52:49.485"/>
</kw>
<kw name="Get Started" library="base">
<kw name="Wait Until Page Contains" library="AppiumLibrary">
<arg>${START}</arg>
<doc>Waits until `text` appears on current page.</doc>
<status status="PASS" starttime="20231116 15:52:49.485" endtime="20231116 15:52:54.744"/>
</kw>
<kw name="Click Text" library="AppiumLibrary">
<arg>${START}</arg>
<doc>Click text identified by ``text``.</doc>
<msg timestamp="20231116 15:52:55.076" level="INFO">xpath criteria: //*[contains(@text,"QAX")]</msg>
<status status="PASS" starttime="20231116 15:52:54.744" endtime="20231116 15:52:55.076"/>
</kw>
<status status="PASS" starttime="20231116 15:52:49.485" endtime="20231116 15:52:55.076"/>
</kw>
<kw name="Navigate to Check e Radio" library="base" sourcename="Navigate to ${item_text}">
<kw name="Wait Until Element Is Visible" library="AppiumLibrary">
<arg>${HAMBURGUER_MENU}</arg>
<doc>Waits until element specified with `locator` is visible.</doc>
<msg timestamp="20231116 15:52:56.273" level="INFO">xpath criteria: //android.widget.ImageButton[@content-desc="Open navigation drawer"]
xpath criteria: //android.widget.ImageButton[@content-desc="Open navigation drawer"]</msg>
<status status="PASS" starttime="20231116 15:52:55.076" endtime="20231116 15:52:56.273"/>
</kw>
<kw name="Click Element" library="AppiumLibrary">
<arg>${HAMBURGUER_MENU}</arg>
<doc>Click element identified by `locator`.</doc>
<msg timestamp="20231116 15:52:56.274" level="INFO">Clicking element '//android.widget.ImageButton[@content-desc="Open navigation drawer"]'.</msg>
<msg timestamp="20231116 15:52:56.379" level="INFO">xpath criteria: //android.widget.ImageButton[@content-desc="Open navigation drawer"]</msg>
<status status="PASS" starttime="20231116 15:52:56.273" endtime="20231116 15:52:56.379"/>
</kw>
<kw name="Wait Until Element Is Visible" library="AppiumLibrary">
<arg>${HAMBURGER_NAV_TITLE}</arg>
<doc>Waits until element specified with `locator` is visible.</doc>
<msg timestamp="20231116 15:52:57.320" level="INFO">xpath criteria: //*[@resource-id="com.qaxperience.yodapp:id/tvNavTitle" and @text="Yodapp"]</msg>
<status status="PASS" starttime="20231116 15:52:56.379" endtime="20231116 15:52:57.321"/>
</kw>
<kw name="Replace String" library="String">
<var>${element}</var>
<arg>${MENU_ITEM}</arg>
<arg>$$</arg>
<arg>${item_text}</arg>
<doc>Replaces ``search_for`` in the given ``string`` with ``replace_with``.</doc>
<msg timestamp="20231116 15:52:57.321" level="INFO">${element} = //*[@resource-id="com.qaxperience.yodapp:id/navView"]//*[@text="Check e Radio"]</msg>
<status status="PASS" starttime="20231116 15:52:57.321" endtime="20231116 15:52:57.321"/>
</kw>
<kw name="Wait Until Element Is Visible" library="AppiumLibrary">
<arg>${element}</arg>
<doc>Waits until element specified with `locator` is visible.</doc>
<msg timestamp="20231116 15:52:57.424" level="INFO">xpath criteria: //*[@resource-id="com.qaxperience.yodapp:id/navView"]//*[@text="Check e Radio"]</msg>
<status status="PASS" starttime="20231116 15:52:57.321" endtime="20231116 15:52:57.424"/>
</kw>
<kw name="Click Element" library="AppiumLibrary">
<arg>${element}</arg>
<doc>Click element identified by `locator`.</doc>
<msg timestamp="20231116 15:52:57.425" level="INFO">Clicking element '//*[@resource-id="com.qaxperience.yodapp:id/navView"]//*[@text="Check e Radio"]'.</msg>
<msg timestamp="20231116 15:52:57.520" level="INFO">xpath criteria: //*[@resource-id="com.qaxperience.yodapp:id/navView"]//*[@text="Check e Radio"]</msg>
<status status="PASS" starttime="20231116 15:52:57.424" endtime="20231116 15:52:57.520"/>
</kw>
<status status="PASS" starttime="20231116 15:52:55.076" endtime="20231116 15:52:57.520"/>
</kw>
<status status="PASS" starttime="20231116 15:52:40.701" endtime="20231116 15:52:57.520"/>
</kw>
<test id="s1-s1-t1" name="Deve marcar as techs que usam Appium" line="19">
<kw name="Go to item" library="base" type="SETUP">
<arg>Checkbox</arg>
<arg>Marque as techs que usam Appium</arg>
<kw name="Wait Until Page Contains" library="AppiumLibrary">
<arg>${item}</arg>
<doc>Waits until `text` appears on current page.</doc>
<status status="PASS" starttime="20231116 15:52:57.521" endtime="20231116 15:52:57.971"/>
</kw>
<kw name="Click Text" library="AppiumLibrary">
<arg>${item}</arg>
<doc>Click text identified by ``text``.</doc>
<msg timestamp="20231116 15:52:58.561" level="INFO">xpath criteria: //*[contains(@text,"Checkbox")]</msg>
<status status="PASS" starttime="20231116 15:52:57.971" endtime="20231116 15:52:58.561"/>
</kw>
<kw name="Wait Until Page Contains" library="AppiumLibrary">
<arg>${checkpoint}</arg>
<arg>10s</arg>
<doc>Waits until `text` appears on current page.</doc>
<status status="PASS" starttime="20231116 15:52:58.561" endtime="20231116 15:52:59.923"/>
</kw>
<status status="PASS" starttime="20231116 15:52:57.521" endtime="20231116 15:52:59.923"/>
</kw>
<kw name="Create List" library="BuiltIn">
<var>@{techs}</var>
<arg>Ruby</arg>
<arg>Python</arg>
<arg>Java</arg>
<arg>Javascript</arg>
<arg>C#</arg>
<arg>Robot Framework</arg>
<doc>Returns a list containing given items.</doc>
<msg timestamp="20231116 15:52:59.924" level="INFO">@{techs} = [ Ruby | Python | Java | Javascript | C# | Robot Framework ]</msg>
<status status="PASS" starttime="20231116 15:52:59.923" endtime="20231116 15:52:59.924"/>
</kw>
<for flavor="IN">
<var>${tech}</var>
<value>@{techs}</value>
<iter>
<var name="${tech}">Ruby</var>
<kw name="Click Element" library="AppiumLibrary">
<arg>xpath=//android.widget.CheckBox[contains(@text, "${tech}")]</arg>
<doc>Click element identified by `locator`.</doc>
<msg timestamp="20231116 15:52:59.925" level="INFO">Clicking element 'xpath=//android.widget.CheckBox[contains(@text, "Ruby")]'.</msg>
<msg timestamp="20231116 15:53:00.069" level="INFO">xpath criteria: //android.widget.CheckBox[contains(@text, "Ruby")]</msg>
<status status="PASS" starttime="20231116 15:52:59.924" endtime="20231116 15:53:00.069"/>
</kw>
<status status="PASS" starttime="20231116 15:52:59.924" endtime="20231116 15:53:00.069"/>
</iter>
<iter>
<var name="${tech}">Python</var>
<kw name="Click Element" library="AppiumLibrary">
<arg>xpath=//android.widget.CheckBox[contains(@text, "${tech}")]</arg>
<doc>Click element identified by `locator`.</doc>
<msg timestamp="20231116 15:53:00.072" level="INFO">Clicking element 'xpath=//android.widget.CheckBox[contains(@text, "Python")]'.</msg>
<msg timestamp="20231116 15:53:01.496" level="INFO">xpath criteria: //android.widget.CheckBox[contains(@text, "Python")]</msg>
<status status="PASS" starttime="20231116 15:53:00.070" endtime="20231116 15:53:01.496"/>
</kw>
<status status="PASS" starttime="20231116 15:53:00.070" endtime="20231116 15:53:01.496"/>
</iter>
<iter>
<var name="${tech}">Java</var>
<kw name="Click Element" library="AppiumLibrary">
<arg>xpath=//android.widget.CheckBox[contains(@text, "${tech}")]</arg>
<doc>Click element identified by `locator`.</doc>
<msg timestamp="20231116 15:53:01.497" level="INFO">Clicking element 'xpath=//android.widget.CheckBox[contains(@text, "Java")]'.</msg>
<msg timestamp="20231116 15:53:02.426" level="INFO">xpath criteria: //android.widget.CheckBox[contains(@text, "Java")]</msg>
<status status="PASS" starttime="20231116 15:53:01.496" endtime="20231116 15:53:02.426"/>
</kw>
<status status="PASS" starttime="20231116 15:53:01.496" endtime="20231116 15:53:02.426"/>
</iter>
<iter>
<var name="${tech}">Javascript</var>
<kw name="Click Element" library="AppiumLibrary">
<arg>xpath=//android.widget.CheckBox[contains(@text, "${tech}")]</arg>
<doc>Click element identified by `locator`.</doc>
<msg timestamp="20231116 15:53:02.427" level="INFO">Clicking element 'xpath=//android.widget.CheckBox[contains(@text, "Javascript")]'.</msg>
<msg timestamp="20231116 15:53:03.408" level="INFO">xpath criteria: //android.widget.CheckBox[contains(@text, "Javascript")]</msg>
<status status="PASS" starttime="20231116 15:53:02.426" endtime="20231116 15:53:03.408"/>
</kw>
<status status="PASS" starttime="20231116 15:53:02.426" endtime="20231116 15:53:03.408"/>
</iter>
<iter>
<var name="${tech}">C#</var>
<kw name="Click Element" library="AppiumLibrary">
<arg>xpath=//android.widget.CheckBox[contains(@text, "${tech}")]</arg>
<doc>Click element identified by `locator`.</doc>
<msg timestamp="20231116 15:53:03.410" level="INFO">Clicking element 'xpath=//android.widget.CheckBox[contains(@text, "C#")]'.</msg>
<msg timestamp="20231116 15:53:04.363" level="INFO">xpath criteria: //android.widget.CheckBox[contains(@text, "C#")]</msg>
<status status="PASS" starttime="20231116 15:53:03.408" endtime="20231116 15:53:04.363"/>
</kw>
<status status="PASS" starttime="20231116 15:53:03.408" endtime="20231116 15:53:04.363"/>
</iter>
<iter>
<var name="${tech}">Robot Framework</var>
<kw name="Click Element" library="AppiumLibrary">
<arg>xpath=//android.widget.CheckBox[contains(@text, "${tech}")]</arg>
<doc>Click element identified by `locator`.</doc>
<msg timestamp="20231116 15:53:04.364" level="INFO">Clicking element 'xpath=//android.widget.CheckBox[contains(@text, "Robot Framework")]'.</msg>
<msg timestamp="20231116 15:53:05.326" level="INFO">xpath criteria: //android.widget.CheckBox[contains(@text, "Robot Framework")]</msg>
<status status="PASS" starttime="20231116 15:53:04.363" endtime="20231116 15:53:05.326"/>
</kw>
<status status="PASS" starttime="20231116 15:53:04.363" endtime="20231116 15:53:05.326"/>
</iter>
<status status="PASS" starttime="20231116 15:52:59.924" endtime="20231116 15:53:05.326"/>
</for>
<kw name="Back Last Screen" library="base" type="TEARDOWN">
<kw name="Wait Until Element Is Visible" library="AppiumLibrary">
<arg>${BACK_PAGE}</arg>
<doc>Waits until element specified with `locator` is visible.</doc>
<msg timestamp="20231116 15:53:06.264" level="INFO">criteria is com.qaxperience.yodapp:id/ivBack</msg>
<status status="PASS" starttime="20231116 15:53:05.328" endtime="20231116 15:53:06.264"/>
</kw>
<kw name="Click Element" library="AppiumLibrary">
<arg>${BACK_PAGE}</arg>
<doc>Click element identified by `locator`.</doc>
<msg timestamp="20231116 15:53:06.265" level="INFO">Clicking element 'id=com.qaxperience.yodapp:id/ivBack'.</msg>
<msg timestamp="20231116 15:53:06.386" level="INFO">criteria is com.qaxperience.yodapp:id/ivBack</msg>
<status status="PASS" starttime="20231116 15:53:06.264" endtime="20231116 15:53:06.386"/>
</kw>
<status status="PASS" starttime="20231116 15:53:05.328" endtime="20231116 15:53:06.386"/>
</kw>
<tag>temp</tag>
<status status="PASS" starttime="20231116 15:52:57.520" endtime="20231116 15:53:06.387"/>
</test>
<test id="s1-s1-t2" name="Deve marcar as linguagens preferidas" line="28">
<kw name="Go to item" library="base" type="SETUP">
<arg>Botões de radio</arg>
<arg>Escolha sua linguagem preferida</arg>
<kw name="Wait Until Page Contains" library="AppiumLibrary">
<arg>${item}</arg>
<doc>Waits until `text` appears on current page.</doc>
<status status="PASS" starttime="20231116 15:53:06.389" endtime="20231116 15:53:06.554"/>
</kw>
<kw name="Click Text" library="AppiumLibrary">
<arg>${item}</arg>
<doc>Click text identified by ``text``.</doc>
<msg timestamp="20231116 15:53:07.777" level="INFO">xpath criteria: //*[contains(@text,"Botões de radio")]</msg>
<status status="PASS" starttime="20231116 15:53:06.554" endtime="20231116 15:53:07.777"/>
</kw>
<kw name="Wait Until Page Contains" library="AppiumLibrary">
<arg>${checkpoint}</arg>
<arg>10s</arg>
<doc>Waits until `text` appears on current page.</doc>
<status status="PASS" starttime="20231116 15:53:07.777" endtime="20231116 15:53:09.104"/>
</kw>
<status status="PASS" starttime="20231116 15:53:06.388" endtime="20231116 15:53:09.104"/>
</kw>
<kw name="Click Element" library="AppiumLibrary">
<arg>xpath=//android.widget.RadioButton[contains(@text, "Python")]</arg>
<doc>Click element identified by `locator`.</doc>
<msg timestamp="20231116 15:53:09.106" level="INFO">Clicking element 'xpath=//android.widget.RadioButton[contains(@text, "Python")]'.</msg>
<msg timestamp="20231116 15:53:09.224" level="INFO">xpath criteria: //android.widget.RadioButton[contains(@text, "Python")]</msg>
<status status="PASS" starttime="20231116 15:53:09.104" endtime="20231116 15:53:09.224"/>
</kw>
<kw name="Back Last Screen" library="base" type="TEARDOWN">
<kw name="Wait Until Element Is Visible" library="AppiumLibrary">
<arg>${BACK_PAGE}</arg>
<doc>Waits until element specified with `locator` is visible.</doc>
<msg timestamp="20231116 15:53:09.830" level="INFO">criteria is com.qaxperience.yodapp:id/ivBack</msg>
<status status="PASS" starttime="20231116 15:53:09.225" endtime="20231116 15:53:09.830"/>
</kw>
<kw name="Click Element" library="AppiumLibrary">
<arg>${BACK_PAGE}</arg>
<doc>Click element identified by `locator`.</doc>
<msg timestamp="20231116 15:53:09.832" level="INFO">Clicking element 'id=com.qaxperience.yodapp:id/ivBack'.</msg>
<msg timestamp="20231116 15:53:11.249" level="INFO">criteria is com.qaxperience.yodapp:id/ivBack</msg>
<status status="PASS" starttime="20231116 15:53:09.830" endtime="20231116 15:53:11.249"/>
</kw>
<status status="PASS" starttime="20231116 15:53:09.224" endtime="20231116 15:53:11.249"/>
</kw>
<tag>temp</tag>
<status status="PASS" starttime="20231116 15:53:06.388" endtime="20231116 15:53:11.250"/>
</test>
<kw name="Close session" library="base" type="TEARDOWN">
<kw name="Close Application" library="AppiumLibrary">
<doc>Closes the current application and also close webdriver session.</doc>
<status status="PASS" starttime="20231116 15:53:11.254" endtime="20231116 15:53:11.629"/>
</kw>
<status status="PASS" starttime="20231116 15:53:11.254" endtime="20231116 15:53:11.629"/>
</kw>
<status status="PASS" starttime="20231116 15:52:40.498" endtime="20231116 15:53:11.629"/>
</suite>
<suite id="s1-s2" name="Click" source="C:\Users\Rafael\Documents\Projetos\QAX_ROBOT_MOBILE\projects\yodapp-robot\tests\click.robot">
<kw name="Run Keywords" library="BuiltIn" type="SETUP">
<arg>Start Session</arg>
<arg>AND</arg>
<arg>Get Started</arg>
<arg>AND</arg>
<arg>Navigate to Clique em Botões</arg>
<doc>Executes all the given keywords in a sequence.</doc>
<kw name="Start Session" library="base">
<kw name="Open Application" library="AppiumLibrary">
<arg>http://localhost:4723</arg>
<arg>platformName=Android</arg>
<arg>deviceName=Android Emulato</arg>
<arg>automationName=UIAutomator2</arg>
<arg>app=${EXECDIR}/app/yodapp-beta.apk</arg>
<arg>udid=emulator-5554</arg>
<arg>autoGrantPermissions=true</arg>
<doc>Opens a new application to given Appium server.
Capabilities of appium server, Android and iOS,
Please check https://github.com/appium/appium/blob/master/docs/en/writing-running-appium/server-args.md
| *Option*            | *Man.* | *Description*     |
| remote_url          | Yes    | Appium server url |
| alias               | no     | alias             |
| strict_ssl          | No     | allows you to send commands to an invalid certificate host like a self-signed one. |</doc>
<status status="PASS" starttime="20231116 15:53:11.639" endtime="20231116 15:53:22.296"/>
</kw>
<status status="PASS" starttime="20231116 15:53:11.638" endtime="20231116 15:53:22.296"/>
</kw>
<kw name="Get Started" library="base">
<kw name="Wait Until Page Contains" library="AppiumLibrary">
<arg>${START}</arg>
<doc>Waits until `text` appears on current page.</doc>
<status status="PASS" starttime="20231116 15:53:22.296" endtime="20231116 15:53:26.541"/>
</kw>
<kw name="Click Text" library="AppiumLibrary">
<arg>${START}</arg>
<doc>Click text identified by ``text``.</doc>
<msg timestamp="20231116 15:53:27.958" level="INFO">xpath criteria: //*[contains(@text,"QAX")]</msg>
<status status="PASS" starttime="20231116 15:53:26.541" endtime="20231116 15:53:27.958"/>
</kw>
<status status="PASS" starttime="20231116 15:53:22.296" endtime="20231116 15:53:27.958"/>
</kw>
<kw name="Navigate to Clique em Botões" library="base" sourcename="Navigate to ${item_text}">
<kw name="Wait Until Element Is Visible" library="AppiumLibrary">
<arg>${HAMBURGUER_MENU}</arg>
<doc>Waits until element specified with `locator` is visible.</doc>
<msg timestamp="20231116 15:53:29.079" level="INFO">xpath criteria: //android.widget.ImageButton[@content-desc="Open navigation drawer"]
xpath criteria: //android.widget.ImageButton[@content-desc="Open navigation drawer"]</msg>
<status status="PASS" starttime="20231116 15:53:27.959" endtime="20231116 15:53:29.079"/>
</kw>
<kw name="Click Element" library="AppiumLibrary">
<arg>${HAMBURGUER_MENU}</arg>
<doc>Click element identified by `locator`.</doc>
<msg timestamp="20231116 15:53:29.082" level="INFO">Clicking element '//android.widget.ImageButton[@content-desc="Open navigation drawer"]'.</msg>
<msg timestamp="20231116 15:53:29.173" level="INFO">xpath criteria: //android.widget.ImageButton[@content-desc="Open navigation drawer"]</msg>
<status status="PASS" starttime="20231116 15:53:29.079" endtime="20231116 15:53:29.173"/>
</kw>
<kw name="Wait Until Element Is Visible" library="AppiumLibrary">
<arg>${HAMBURGER_NAV_TITLE}</arg>
<doc>Waits until element specified with `locator` is visible.</doc>
<msg timestamp="20231116 15:53:30.130" level="INFO">xpath criteria: //*[@resource-id="com.qaxperience.yodapp:id/tvNavTitle" and @text="Yodapp"]</msg>
<status status="PASS" starttime="20231116 15:53:29.173" endtime="20231116 15:53:30.130"/>
</kw>
<kw name="Replace String" library="String">
<var>${element}</var>
<arg>${MENU_ITEM}</arg>
<arg>$$</arg>
<arg>${item_text}</arg>
<doc>Replaces ``search_for`` in the given ``string`` with ``replace_with``.</doc>
<msg timestamp="20231116 15:53:30.131" level="INFO">${element} = //*[@resource-id="com.qaxperience.yodapp:id/navView"]//*[@text="Clique em Botões"]</msg>
<status status="PASS" starttime="20231116 15:53:30.130" endtime="20231116 15:53:30.131"/>
</kw>
<kw name="Wait Until Element Is Visible" library="AppiumLibrary">
<arg>${element}</arg>
<doc>Waits until element specified with `locator` is visible.</doc>
<msg timestamp="20231116 15:53:30.233" level="INFO">xpath criteria: //*[@resource-id="com.qaxperience.yodapp:id/navView"]//*[@text="Clique em Botões"]</msg>
<status status="PASS" starttime="20231116 15:53:30.131" endtime="20231116 15:53:30.233"/>
</kw>
<kw name="Click Element" library="AppiumLibrary">
<arg>${element}</arg>
<doc>Click element identified by `locator`.</doc>
<msg timestamp="20231116 15:53:30.235" level="INFO">Clicking element '//*[@resource-id="com.qaxperience.yodapp:id/navView"]//*[@text="Clique em Botões"]'.</msg>
<msg timestamp="20231116 15:53:30.374" level="INFO">xpath criteria: //*[@resource-id="com.qaxperience.yodapp:id/navView"]//*[@text="Clique em Botões"]</msg>
<status status="PASS" starttime="20231116 15:53:30.233" endtime="20231116 15:53:30.374"/>
</kw>
<status status="PASS" starttime="20231116 15:53:27.958" endtime="20231116 15:53:30.374"/>
</kw>
<status status="PASS" starttime="20231116 15:53:11.638" endtime="20231116 15:53:30.374"/>
</kw>
<test id="s1-s2-t1" name="Deve realizar um click simples" line="18">
<kw name="Go to item" library="base" type="SETUP">
<arg>Clique simples</arg>
<arg>Botão clique simples</arg>
<kw name="Wait Until Page Contains" library="AppiumLibrary">
<arg>${item}</arg>
<doc>Waits until `text` appears on current page.</doc>
<status status="PASS" starttime="20231116 15:53:30.376" endtime="20231116 15:53:30.900"/>
</kw>
<kw name="Click Text" library="AppiumLibrary">
<arg>${item}</arg>
<doc>Click text identified by ``text``.</doc>
<msg timestamp="20231116 15:53:31.458" level="INFO">xpath criteria: //*[contains(@text,"Clique simples")]</msg>
<status status="PASS" starttime="20231116 15:53:30.901" endtime="20231116 15:53:31.458"/>
</kw>
<kw name="Wait Until Page Contains" library="AppiumLibrary">
<arg>${checkpoint}</arg>
<arg>10s</arg>
<doc>Waits until `text` appears on current page.</doc>
<status status="PASS" starttime="20231116 15:53:31.458" endtime="20231116 15:53:32.808"/>
</kw>
<status status="PASS" starttime="20231116 15:53:30.376" endtime="20231116 15:53:32.808"/>
</kw>
<kw name="Click Text" library="AppiumLibrary">
<arg>CLIQUE SIMPLES</arg>
<doc>Click text identified by ``text``.</doc>
<msg timestamp="20231116 15:53:32.903" level="INFO">xpath criteria: //*[contains(@text,"CLIQUE SIMPLES")]</msg>
<status status="PASS" starttime="20231116 15:53:32.809" endtime="20231116 15:53:32.903"/>
</kw>
<kw name="Wait Until Page Contains" library="AppiumLibrary">
<arg>Isso é um clique simples</arg>
<doc>Waits until `text` appears on current page.</doc>
<status status="PASS" starttime="20231116 15:53:32.906" endtime="20231116 15:53:33.515"/>
</kw>
<kw name="Back Last Screen" library="base" type="TEARDOWN">
<kw name="Wait Until Element Is Visible" library="AppiumLibrary">
<arg>${BACK_PAGE}</arg>
<doc>Waits until element specified with `locator` is visible.</doc>
<msg timestamp="20231116 15:53:33.560" level="INFO">criteria is com.qaxperience.yodapp:id/ivBack</msg>
<status status="PASS" starttime="20231116 15:53:33.516" endtime="20231116 15:53:33.560"/>
</kw>
<kw name="Click Element" library="AppiumLibrary">
<arg>${BACK_PAGE}</arg>
<doc>Click element identified by `locator`.</doc>
<msg timestamp="20231116 15:53:33.562" level="INFO">Clicking element 'id=com.qaxperience.yodapp:id/ivBack'.</msg>
<msg timestamp="20231116 15:53:34.892" level="INFO">criteria is com.qaxperience.yodapp:id/ivBack</msg>
<status status="PASS" starttime="20231116 15:53:33.560" endtime="20231116 15:53:34.892"/>
</kw>
<status status="PASS" starttime="20231116 15:53:33.515" endtime="20231116 15:53:34.892"/>
</kw>
<status status="PASS" starttime="20231116 15:53:30.374" endtime="20231116 15:53:34.893"/>
</test>
<test id="s1-s2-t2" name="Deve realizar um click longo" line="24">
<kw name="Go to item" library="base" type="SETUP">
<arg>Clique longo</arg>
<arg>Botão clique longo</arg>
<kw name="Wait Until Page Contains" library="AppiumLibrary">
<arg>${item}</arg>
<doc>Waits until `text` appears on current page.</doc>
<status status="PASS" starttime="20231116 15:53:34.895" endtime="20231116 15:53:34.934"/>
</kw>
<kw name="Click Text" library="AppiumLibrary">
<arg>${item}</arg>
<doc>Click text identified by ``text``.</doc>
<msg timestamp="20231116 15:53:36.301" level="INFO">xpath criteria: //*[contains(@text,"Clique longo")]</msg>
<status status="PASS" starttime="20231116 15:53:34.935" endtime="20231116 15:53:36.301"/>
</kw>
<kw name="Wait Until Page Contains" library="AppiumLibrary">
<arg>${checkpoint}</arg>
<arg>10s</arg>
<doc>Waits until `text` appears on current page.</doc>
<status status="PASS" starttime="20231116 15:53:36.301" endtime="20231116 15:53:36.347"/>
</kw>
<status status="PASS" starttime="20231116 15:53:34.894" endtime="20231116 15:53:36.347"/>
</kw>
<kw name="Get Element positions" library="base">
<var>${positions}</var>
<arg>${LONG_CLICK_ID}</arg>
<kw name="Get Element Location" library="AppiumLibrary">
<var>${positions}</var>
<arg>${LONG_CLICK_ID}</arg>
<doc>Get element location</doc>
<msg timestamp="20231116 15:53:36.385" level="INFO">Element 'id=com.qaxperience.yodapp:id/long_click' location: {'x': 116, 'y': 1002} </msg>
<msg timestamp="20231116 15:53:36.385" level="INFO">criteria is com.qaxperience.yodapp:id/long_click</msg>
<msg timestamp="20231116 15:53:36.385" level="INFO">${positions} = {'x': 116, 'y': 1002}</msg>
<status status="PASS" starttime="20231116 15:53:36.348" endtime="20231116 15:53:36.385"/>
</kw>
<msg timestamp="20231116 15:53:36.386" level="INFO">${positions} = {'x': 116, 'y': 1002}</msg>
<status status="PASS" starttime="20231116 15:53:36.348" endtime="20231116 15:53:36.386"/>
</kw>
<kw name="Tap With Positions" library="AppiumLibrary">
<arg>1000</arg>
<arg>${${positions}[x], ${positions}[y]}</arg>
<doc>Taps on a particular place with up to five fingers, holding for a
certain time</doc>
<status status="PASS" starttime="20231116 15:53:36.386" endtime="20231116 15:53:37.695"/>
</kw>
<kw name="Wait Until Page Contains" library="AppiumLibrary">
<arg>Isso é um clique longo</arg>
<doc>Waits until `text` appears on current page.</doc>
<status status="PASS" starttime="20231116 15:53:37.696" endtime="20231116 15:53:37.755"/>
</kw>
<kw name="Back Last Screen" library="base" type="TEARDOWN">
<kw name="Wait Until Element Is Visible" library="AppiumLibrary">
<arg>${BACK_PAGE}</arg>
<doc>Waits until element specified with `locator` is visible.</doc>
<msg timestamp="20231116 15:53:37.805" level="INFO">criteria is com.qaxperience.yodapp:id/ivBack</msg>
<status status="PASS" starttime="20231116 15:53:37.756" endtime="20231116 15:53:37.805"/>
</kw>
<kw name="Click Element" library="AppiumLibrary">
<arg>${BACK_PAGE}</arg>
<doc>Click element identified by `locator`.</doc>
<msg timestamp="20231116 15:53:37.806" level="INFO">Clicking element 'id=com.qaxperience.yodapp:id/ivBack'.</msg>
<msg timestamp="20231116 15:53:37.870" level="INFO">criteria is com.qaxperience.yodapp:id/ivBack</msg>
<status status="PASS" starttime="20231116 15:53:37.805" endtime="20231116 15:53:37.870"/>
</kw>
<status status="PASS" starttime="20231116 15:53:37.755" endtime="20231116 15:53:37.870"/>
</kw>
<status status="PASS" starttime="20231116 15:53:34.894" endtime="20231116 15:53:37.871"/>
</test>
<kw name="Close session" library="base" type="TEARDOWN">
<kw name="Close Application" library="AppiumLibrary">
<doc>Closes the current application and also close webdriver session.</doc>
<status status="PASS" starttime="20231116 15:53:37.872" endtime="20231116 15:53:38.434"/>
</kw>
<status status="PASS" starttime="20231116 15:53:37.872" endtime="20231116 15:53:38.434"/>
</kw>
<status status="PASS" starttime="20231116 15:53:11.630" endtime="20231116 15:53:38.434"/>
</suite>
<suite id="s1-s3" name="Home" source="C:\Users\Rafael\Documents\Projetos\QAX_ROBOT_MOBILE\projects\yodapp-robot\tests\home.robot">
<test id="s1-s3-t1" name="Deve abrir a tela principal" line="7">
<kw name="Open Application" library="AppiumLibrary">
<arg>http://localhost:4723</arg>
<arg>platformName=Android</arg>
<arg>deviceName=Android Emulato</arg>
<arg>automationName=UIAutomator2</arg>
<arg>app=${EXECDIR}/app/yodapp-beta.apk</arg>
<arg>udid=emulator-5554</arg>
<arg>autoGrantPermissions=true</arg>
<doc>Opens a new application to given Appium server.
Capabilities of appium server, Android and iOS,
Please check https://github.com/appium/appium/blob/master/docs/en/writing-running-appium/server-args.md
| *Option*            | *Man.* | *Description*     |
| remote_url          | Yes    | Appium server url |
| alias               | no     | alias             |
| strict_ssl          | No     | allows you to send commands to an invalid certificate host like a self-signed one. |</doc>
<status status="PASS" starttime="20231116 15:53:38.439" endtime="20231116 15:53:48.807"/>
</kw>
<kw name="Wait Until Page Contains" library="AppiumLibrary">
<arg>Yodapp</arg>
<doc>Waits until `text` appears on current page.</doc>
<status status="PASS" starttime="20231116 15:53:48.807" endtime="20231116 15:53:53.845"/>
</kw>
<kw name="Wait Until Page Contains" library="AppiumLibrary">
<arg>Mobile Training</arg>
<doc>Waits until `text` appears on current page.</doc>
<status status="PASS" starttime="20231116 15:53:53.846" endtime="20231116 15:53:53.878"/>
</kw>
<kw name="Wait Until Page Contains" library="AppiumLibrary">
<arg>by Papito</arg>
<doc>Waits until `text` appears on current page.</doc>
<status status="PASS" starttime="20231116 15:53:53.879" endtime="20231116 15:53:53.906"/>
</kw>
<kw name="Close Application" library="AppiumLibrary">
<doc>Closes the current application and also close webdriver session.</doc>
<status status="PASS" starttime="20231116 15:53:53.906" endtime="20231116 15:53:54.314"/>
</kw>
<status status="PASS" starttime="20231116 15:53:38.438" endtime="20231116 15:53:54.315"/>
</test>
<status status="PASS" starttime="20231116 15:53:38.435" endtime="20231116 15:53:54.316"/>
</suite>
<status status="PASS" starttime="20231116 15:52:40.477" endtime="20231116 15:53:54.318"/>
</suite>
<statistics>
<total>
<stat pass="5" fail="0" skip="0">All Tests</stat>
</total>
<tag>
<stat pass="2" fail="0" skip="0">temp</stat>
</tag>
<suite>
<stat pass="5" fail="0" skip="0" id="s1" name="Tests">Tests</stat>
<stat pass="2" fail="0" skip="0" id="s1-s1" name="Checkbox">Tests.Checkbox</stat>
<stat pass="2" fail="0" skip="0" id="s1-s2" name="Click">Tests.Click</stat>
<stat pass="1" fail="0" skip="0" id="s1-s3" name="Home">Tests.Home</stat>
</suite>
</statistics>
<errors>
</errors>
</robot>
